<?xml version="1.0" encoding="UTF-8"?>
<!-- Generated by org.testng.reporters.JUnitReportReporter -->
<testsuite skipped="0" hostname="Mark-PC" name="testpackage.day1" tests="2" failures="0" timestamp="2019-10-29T23:34:19 GMT+02:00" time="0.016" errors="0">
  <testcase name="FinalTest" time="0.016" classname="testpackage.day1"/>
  <testcase name="FirstTest" time="0.000" classname="testpackage.day1"/>
</testsuite> <!-- testpackage.day1 -->
