<?xml version="1.0" encoding="UTF-8"?>
<!-- Generated by org.testng.reporters.JUnitReportReporter -->
<testsuite skipped="0" hostname="Mark-PC" name="testpackage.day4" tests="6" failures="0" timestamp="2019-10-29T21:43:25 GMT+02:00" time="0.029" errors="0">
  <testcase name="Motorcycles" time="0.003" classname="testpackage.day4"/>
  <testcase name="NewCars" time="0.002" classname="testpackage.day4"/>
  <testcase name="Motorcycles" time="0.003" classname="testpackage.day4"/>
  <testcase name="ads" time="0.017" classname="testpackage.day4"/>
  <testcase name="Motorcycles" time="0.002" classname="testpackage.day4"/>
  <testcase name="UsedCars" time="0.002" classname="testpackage.day4"/>
</testsuite> <!-- testpackage.day4 -->
