<?xml version="1.0" encoding="UTF-8"?>
<!-- Generated by org.testng.reporters.JUnitReportReporter -->
<testsuite skipped="0" hostname="Mark-PC" name="testpackage.day3" tests="2" failures="0" timestamp="2019-10-29T23:34:19 GMT+02:00" time="0.000" errors="0">
  <testcase name="APILogin" time="0.000" classname="testpackage.day3"/>
  <testcase name="MobileLogin" time="0.000" classname="testpackage.day3"/>
</testsuite> <!-- testpackage.day3 -->
