<?xml version="1.0" encoding="UTF-8"?>
<!-- Generated by org.testng.reporters.JUnitReportReporter -->
<testsuite skipped="0" hostname="Mark-PC" name="testpackage.day2" tests="1" failures="0" timestamp="2019-10-29T23:34:19 GMT+02:00" time="0.000" errors="0">
  <testcase name="SecondTest" time="0.000" classname="testpackage.day2"/>
</testsuite> <!-- testpackage.day2 -->
